# JRE version: Java(TM) SE Runtime Environment (16.0.1+9) (build 16.0.1+9-24)
# Java VM: Java HotSpot(TM) 64-Bit Server VM (16.0.1+9-24, mixed mode, sharing, tiered, compressed oops, compressed class ptrs, parallel gc, windows-amd64)
GC Precious Log:
 CPUs: 4 total, 4 available
 Memory: 5830M
 Large Page Support: Disabled
 NUMA Support: Disabled
 Compressed Oops: Enabled (32-bit)
 Alignments: Space 512K, Generation 512K, Heap 2M
 Heap Min Capacity: 100M
 Heap Initial Capacity: 100M
 Heap Max Capacity: 1G
 Pre-touch: Disabled
 Parallel Workers: 4
Heap:
 PSYoungGen      total 22016K, used 13270K [0x00000000eab00000, 0x00000000ec400000, 0x0000000100000000)
  eden space 19968K, 57% used [0x00000000eab00000,0x00000000eb61de18,0x00000000ebe80000)
  from space 2048K, 92% used [0x00000000ec200000,0x00000000ec3d7d40,0x00000000ec400000)
  to   space 2560K, 0% used [0x00000000ebf00000,0x00000000ebf00000,0x00000000ec180000)
 ParOldGen       total 68608K, used 30155K [0x00000000c0000000, 0x00000000c4300000, 0x00000000eab00000)
  object space 68608K, 43% used [0x00000000c0000000,0x00000000c1d72dd8,0x00000000c4300000)
 Metaspace       used 40365K, committed 41280K, reserved 1089536K
  class space    used 4296K, committed 4736K, reserved 1048576K
GC Heap History (20 events):
Event: 8.731 GC heap before
{Heap before GC invocations=7 (full 1):
 PSYoungGen      total 29184K, used 28760K [0x00000000eab00000, 0x00000000ecb80000, 0x0000000100000000)
  eden space 25088K, 100% used [0x00000000eab00000,0x00000000ec380000,0x00000000ec380000)
  from space 4096K, 89% used [0x00000000ec400000,0x00000000ec796338,0x00000000ec800000)
  to   space 3584K, 0% used [0x00000000ec800000,0x00000000ec800000,0x00000000ecb80000)
 ParOldGen       total 68608K, used 11292K [0x00000000c0000000, 0x00000000c4300000, 0x00000000eab00000)
  object space 68608K, 16% used [0x00000000c0000000,0x00000000c0b072e8,0x00000000c4300000)
 Metaspace       used 32561K, committed 33408K, reserved 1081344K
  class space    used 3361K, committed 3776K, reserved 1048576K
}
Event: 8.739 GC heap after
{Heap after GC invocations=7 (full 1):
 PSYoungGen      total 26112K, used 3577K [0x00000000eab00000, 0x00000000ed100000, 0x0000000100000000)
  eden space 22528K, 0% used [0x00000000eab00000,0x00000000eab00000,0x00000000ec100000)
  from space 3584K, 99% used [0x00000000ec800000,0x00000000ecb7e580,0x00000000ecb80000)
  to   space 7168K, 0% used [0x00000000ec100000,0x00000000ec100000,0x00000000ec800000)
 ParOldGen       total 68608K, used 13937K [0x00000000c0000000, 0x00000000c4300000, 0x00000000eab00000)
  object space 68608K, 20% used [0x00000000c0000000,0x00000000c0d9c4b0,0x00000000c4300000)
 Metaspace       used 32561K, committed 33408K, reserved 1081344K
  class space    used 3361K, committed 3776K, reserved 1048576K
}
Event: 9.131 GC heap before
{Heap before GC invocations=8 (full 1):
 PSYoungGen      total 26112K, used 26105K [0x00000000eab00000, 0x00000000ed100000, 0x0000000100000000)
  eden space 22528K, 100% used [0x00000000eab00000,0x00000000ec100000,0x00000000ec100000)
  from space 3584K, 99% used [0x00000000ec800000,0x00000000ecb7e580,0x00000000ecb80000)
  to   space 7168K, 0% used [0x00000000ec100000,0x00000000ec100000,0x00000000ec800000)
 ParOldGen       total 68608K, used 13937K [0x00000000c0000000, 0x00000000c4300000, 0x00000000eab00000)
  object space 68608K, 20% used [0x00000000c0000000,0x00000000c0d9c4b0,0x00000000c4300000)
 Metaspace       used 33565K, committed 34368K, reserved 1081344K
  class space    used 3510K, committed 3904K, reserved 1048576K
}
Event: 9.137 GC heap after
{Heap after GC invocations=8 (full 1):
 PSYoungGen      total 27648K, used 5192K [0x00000000eab00000, 0x00000000ecb80000, 0x0000000100000000)
  eden space 22016K, 0% used [0x00000000eab00000,0x00000000eab00000,0x00000000ec080000)
  from space 5632K, 92% used [0x00000000ec100000,0x00000000ec612140,0x00000000ec680000)
  to   space 5120K, 0% used [0x00000000ec680000,0x00000000ec680000,0x00000000ecb80000)
 ParOldGen       total 68608K, used 13945K [0x00000000c0000000, 0x00000000c4300000, 0x00000000eab00000)
  object space 68608K, 20% used [0x00000000c0000000,0x00000000c0d9e4b0,0x00000000c4300000)
 Metaspace       used 33565K, committed 34368K, reserved 1081344K
  class space    used 3510K, committed 3904K, reserved 1048576K
}
Event: 9.535 GC heap before
{Heap before GC invocations=9 (full 1):
 PSYoungGen      total 27648K, used 27208K [0x00000000eab00000, 0x00000000ecb80000, 0x0000000100000000)
  eden space 22016K, 100% used [0x00000000eab00000,0x00000000ec080000,0x00000000ec080000)
  from space 5632K, 92% used [0x00000000ec100000,0x00000000ec612140,0x00000000ec680000)
  to   space 5120K, 0% used [0x00000000ec680000,0x00000000ec680000,0x00000000ecb80000)
 ParOldGen       total 68608K, used 13945K [0x00000000c0000000, 0x00000000c4300000, 0x00000000eab00000)
  object space 68608K, 20% used [0x00000000c0000000,0x00000000c0d9e4b0,0x00000000c4300000)
 Metaspace       used 34684K, committed 35456K, reserved 1081344K
  class space    used 3647K, committed 4032K, reserved 1048576K
}
Event: 9.545 GC heap after
{Heap after GC invocations=9 (full 1):
 PSYoungGen      total 25600K, used 5108K [0x00000000eab00000, 0x00000000ecf80000, 0x0000000100000000)
  eden space 20480K, 0% used [0x00000000eab00000,0x00000000eab00000,0x00000000ebf00000)
  from space 5120K, 99% used [0x00000000ec680000,0x00000000ecb7d1e0,0x00000000ecb80000)
  to   space 7680K, 0% used [0x00000000ebf00000,0x00000000ebf00000,0x00000000ec680000)
 ParOldGen       total 68608K, used 15750K [0x00000000c0000000, 0x00000000c4300000, 0x00000000eab00000)
  object space 68608K, 22% used [0x00000000c0000000,0x00000000c0f61bd8,0x00000000c4300000)
 Metaspace       used 34684K, committed 35456K, reserved 1081344K
  class space    used 3647K, committed 4032K, reserved 1048576K
}
Event: 9.553 GC heap before
{Heap before GC invocations=10 (full 1):
 PSYoungGen      total 25600K, used 6570K [0x00000000eab00000, 0x00000000ecf80000, 0x0000000100000000)
  eden space 20480K, 7% used [0x00000000eab00000,0x00000000eac6d830,0x00000000ebf00000)
  from space 5120K, 99% used [0x00000000ec680000,0x00000000ecb7d1e0,0x00000000ecb80000)
  to   space 7680K, 0% used [0x00000000ebf00000,0x00000000ebf00000,0x00000000ec680000)
 ParOldGen       total 68608K, used 15750K [0x00000000c0000000, 0x00000000c4300000, 0x00000000eab00000)
  object space 68608K, 22% used [0x00000000c0000000,0x00000000c0f61bd8,0x00000000c4300000)
 Metaspace       used 34707K, committed 35456K, reserved 1081344K
  class space    used 3648K, committed 4032K, reserved 1048576K
}
Event: 9.560 GC heap after
{Heap after GC invocations=10 (full 1):
 PSYoungGen      total 23040K, used 2176K [0x00000000eab00000, 0x00000000ec880000, 0x0000000100000000)
  eden space 20480K, 0% used [0x00000000eab00000,0x00000000eab00000,0x00000000ebf00000)
  from space 2560K, 85% used [0x00000000ebf00000,0x00000000ec120010,0x00000000ec180000)
  to   space 4096K, 0% used [0x00000000ec480000,0x00000000ec480000,0x00000000ec880000)
 ParOldGen       total 68608K, used 18925K [0x00000000c0000000, 0x00000000c4300000, 0x00000000eab00000)
  object space 68608K, 27% used [0x00000000c0000000,0x00000000c127b6f8,0x00000000c4300000)
 Metaspace       used 34707K, committed 35456K, reserved 1081344K
  class space    used 3648K, committed 4032K, reserved 1048576K
}
Event: 9.560 GC heap before
{Heap before GC invocations=11 (full 2):
 PSYoungGen      total 23040K, used 2176K [0x00000000eab00000, 0x00000000ec880000, 0x0000000100000000)
  eden space 20480K, 0% used [0x00000000eab00000,0x00000000eab00000,0x00000000ebf00000)
  from space 2560K, 85% used [0x00000000ebf00000,0x00000000ec120010,0x00000000ec180000)
  to   space 4096K, 0% used [0x00000000ec480000,0x00000000ec480000,0x00000000ec880000)
 ParOldGen       total 68608K, used 18925K [0x00000000c0000000, 0x00000000c4300000, 0x00000000eab00000)
  object space 68608K, 27% used [0x00000000c0000000,0x00000000c127b6f8,0x00000000c4300000)
 Metaspace       used 34707K, committed 35456K, reserved 1081344K
  class space    used 3648K, committed 4032K, reserved 1048576K
}
Event: 9.641 GC heap after
{Heap after GC invocations=11 (full 2):
 PSYoungGen      total 23040K, used 0K [0x00000000eab00000, 0x00000000ec880000, 0x0000000100000000)
  eden space 20480K, 0% used [0x00000000eab00000,0x00000000eab00000,0x00000000ebf00000)
  from space 2560K, 0% used [0x00000000ebf00000,0x00000000ebf00000,0x00000000ec180000)
  to   space 4096K, 0% used [0x00000000ec480000,0x00000000ec480000,0x00000000ec880000)
 ParOldGen       total 68608K, used 19548K [0x00000000c0000000, 0x00000000c4300000, 0x00000000eab00000)
  object space 68608K, 28% used [0x00000000c0000000,0x00000000c1317030,0x00000000c4300000)
 Metaspace       used 34707K, committed 35456K, reserved 1081344K
  class space    used 3648K, committed 4032K, reserved 1048576K
}
Event: 9.952 GC heap before
{Heap before GC invocations=12 (full 2):
 PSYoungGen      total 23040K, used 20480K [0x00000000eab00000, 0x00000000ec880000, 0x0000000100000000)
  eden space 20480K, 100% used [0x00000000eab00000,0x00000000ebf00000,0x00000000ebf00000)
  from space 2560K, 0% used [0x00000000ebf00000,0x00000000ebf00000,0x00000000ec180000)
  to   space 4096K, 0% used [0x00000000ec480000,0x00000000ec480000,0x00000000ec880000)
 ParOldGen       total 68608K, used 19548K [0x00000000c0000000, 0x00000000c4300000, 0x00000000eab00000)
  object space 68608K, 28% used [0x00000000c0000000,0x00000000c1317030,0x00000000c4300000)
 Metaspace       used 35662K, committed 36416K, reserved 1089536K
  class space    used 3777K, committed 4160K, reserved 1048576K
}
Event: 9.958 GC heap after
{Heap after GC invocations=12 (full 2):
 PSYoungGen      total 23040K, used 2400K [0x00000000eab00000, 0x00000000ec700000, 0x0000000100000000)
  eden space 20480K, 0% used [0x00000000eab00000,0x00000000eab00000,0x00000000ebf00000)
  from space 2560K, 93% used [0x00000000ec480000,0x00000000ec6d8020,0x00000000ec700000)
  to   space 3072K, 0% used [0x00000000ec100000,0x00000000ec100000,0x00000000ec400000)
 ParOldGen       total 68608K, used 19556K [0x00000000c0000000, 0x00000000c4300000, 0x00000000eab00000)
  object space 68608K, 28% used [0x00000000c0000000,0x00000000c1319030,0x00000000c4300000)
 Metaspace       used 35662K, committed 36416K, reserved 1089536K
  class space    used 3777K, committed 4160K, reserved 1048576K
}
Event: 10.102 GC heap before
{Heap before GC invocations=13 (full 2):
 PSYoungGen      total 23040K, used 22880K [0x00000000eab00000, 0x00000000ec700000, 0x0000000100000000)
  eden space 20480K, 100% used [0x00000000eab00000,0x00000000ebf00000,0x00000000ebf00000)
  from space 2560K, 93% used [0x00000000ec480000,0x00000000ec6d8020,0x00000000ec700000)
  to   space 3072K, 0% used [0x00000000ec100000,0x00000000ec100000,0x00000000ec400000)
 ParOldGen       total 68608K, used 19556K [0x00000000c0000000, 0x00000000c4300000, 0x00000000eab00000)
  object space 68608K, 28% used [0x00000000c0000000,0x00000000c1319030,0x00000000c4300000)
 Metaspace       used 35907K, committed 36736K, reserved 1089536K
  class space    used 3807K, committed 4224K, reserved 1048576K
}
Event: 10.107 GC heap after
{Heap after GC invocations=13 (full 2):
 PSYoungGen      total 23040K, used 2144K [0x00000000eab00000, 0x00000000ec500000, 0x0000000100000000)
  eden space 20480K, 0% used [0x00000000eab00000,0x00000000eab00000,0x00000000ebf00000)
  from space 2560K, 83% used [0x00000000ec100000,0x00000000ec318000,0x00000000ec380000)
  to   space 1536K, 0% used [0x00000000ec380000,0x00000000ec380000,0x00000000ec500000)
 ParOldGen       total 68608K, used 21908K [0x00000000c0000000, 0x00000000c4300000, 0x00000000eab00000)
  object space 68608K, 31% used [0x00000000c0000000,0x00000000c15651b8,0x00000000c4300000)
 Metaspace       used 35907K, committed 36736K, reserved 1089536K
  class space    used 3807K, committed 4224K, reserved 1048576K
}
Event: 10.292 GC heap before
{Heap before GC invocations=14 (full 2):
 PSYoungGen      total 23040K, used 22624K [0x00000000eab00000, 0x00000000ec500000, 0x0000000100000000)
  eden space 20480K, 100% used [0x00000000eab00000,0x00000000ebf00000,0x00000000ebf00000)
  from space 2560K, 83% used [0x00000000ec100000,0x00000000ec318000,0x00000000ec380000)
  to   space 1536K, 0% used [0x00000000ec380000,0x00000000ec380000,0x00000000ec500000)
 ParOldGen       total 68608K, used 23203K [0x00000000c0000000, 0x00000000c4300000, 0x00000000eab00000)
  object space 68608K, 33% used [0x00000000c0000000,0x00000000c16a8e98,0x00000000c4300000)
 Metaspace       used 36228K, committed 36992K, reserved 1089536K
  class space    used 3850K, committed 4224K, reserved 1048576K
}
Event: 10.298 GC heap after
{Heap after GC invocations=14 (full 2):
 PSYoungGen      total 21504K, used 1504K [0x00000000eab00000, 0x00000000ec900000, 0x0000000100000000)
  eden space 19968K, 0% used [0x00000000eab00000,0x00000000eab00000,0x00000000ebe80000)
  from space 1536K, 97% used [0x00000000ec380000,0x00000000ec4f8010,0x00000000ec500000)
  to   space 5120K, 0% used [0x00000000ebe80000,0x00000000ebe80000,0x00000000ec380000)
 ParOldGen       total 68608K, used 26179K [0x00000000c0000000, 0x00000000c4300000, 0x00000000eab00000)
  object space 68608K, 38% used [0x00000000c0000000,0x00000000c1990e98,0x00000000c4300000)
 Metaspace       used 36228K, committed 36992K, reserved 1089536K
  class space    used 3850K, committed 4224K, reserved 1048576K
}
Event: 10.627 GC heap before
{Heap before GC invocations=15 (full 2):
 PSYoungGen      total 21504K, used 21472K [0x00000000eab00000, 0x00000000ec900000, 0x0000000100000000)
  eden space 19968K, 100% used [0x00000000eab00000,0x00000000ebe80000,0x00000000ebe80000)
  from space 1536K, 97% used [0x00000000ec380000,0x00000000ec4f8010,0x00000000ec500000)
  to   space 5120K, 0% used [0x00000000ebe80000,0x00000000ebe80000,0x00000000ec380000)
 ParOldGen       total 68608K, used 26181K [0x00000000c0000000, 0x00000000c4300000, 0x00000000eab00000)
  object space 68608K, 38% used [0x00000000c0000000,0x00000000c1991548,0x00000000c4300000)
 Metaspace       used 36712K, committed 37504K, reserved 1089536K
  class space    used 3906K, committed 4288K, reserved 1048576K
}
Event: 10.634 GC heap after
{Heap after GC invocations=15 (full 2):
 PSYoungGen      total 22528K, used 2528K [0x00000000eab00000, 0x00000000ec580000, 0x0000000100000000)
  eden space 19968K, 0% used [0x00000000eab00000,0x00000000eab00000,0x00000000ebe80000)
  from space 2560K, 98% used [0x00000000ebe80000,0x00000000ec0f8000,0x00000000ec100000)
  to   space 3584K, 0% used [0x00000000ec200000,0x00000000ec200000,0x00000000ec580000)
 ParOldGen       total 68608K, used 27701K [0x00000000c0000000, 0x00000000c4300000, 0x00000000eab00000)
  object space 68608K, 40% used [0x00000000c0000000,0x00000000c1b0d558,0x00000000c4300000)
 Metaspace       used 36712K, committed 37504K, reserved 1089536K
  class space    used 3906K, committed 4288K, reserved 1048576K
}
Event: 11.705 GC heap before
{Heap before GC invocations=16 (full 2):
 PSYoungGen      total 22528K, used 22496K [0x00000000eab00000, 0x00000000ec580000, 0x0000000100000000)
  eden space 19968K, 100% used [0x00000000eab00000,0x00000000ebe80000,0x00000000ebe80000)
  from space 2560K, 98% used [0x00000000ebe80000,0x00000000ec0f8000,0x00000000ec100000)
  to   space 3584K, 0% used [0x00000000ec200000,0x00000000ec200000,0x00000000ec580000)
 ParOldGen       total 68608K, used 27701K [0x00000000c0000000, 0x00000000c4300000, 0x00000000eab00000)
  object space 68608K, 40% used [0x00000000c0000000,0x00000000c1b0d558,0x00000000c4300000)
 Metaspace       used 38798K, committed 39616K, reserved 1089536K
  class space    used 4135K, committed 4480K, reserved 1048576K
}
Event: 11.713 GC heap after
{Heap after GC invocations=16 (full 2):
 PSYoungGen      total 22016K, used 1887K [0x00000000eab00000, 0x00000000ec400000, 0x0000000100000000)
  eden space 19968K, 0% used [0x00000000eab00000,0x00000000eab00000,0x00000000ebe80000)
  from space 2048K, 92% used [0x00000000ec200000,0x00000000ec3d7d40,0x00000000ec400000)
  to   space 2560K, 0% used [0x00000000ebf00000,0x00000000ebf00000,0x00000000ec180000)
 ParOldGen       total 68608K, used 30155K [0x00000000c0000000, 0x00000000c4300000, 0x00000000eab00000)
  object space 68608K, 43% used [0x00000000c0000000,0x00000000c1d72dd8,0x00000000c4300000)
 Metaspace       used 38798K, committed 39616K, reserved 1089536K
  class space    used 4135K, committed 4480K, reserved 1048576K
}

