# JRE version: Java(TM) SE Runtime Environment (16.0.1+9) (build 16.0.1+9-24)
# Java VM: Java HotSpot(TM) 64-Bit Server VM (16.0.1+9-24, mixed mode, sharing, tiered, compressed oops, compressed class ptrs, parallel gc, windows-amd64)
GC Precious Log:
 CPUs: 4 total, 4 available
 Memory: 5830M
 Large Page Support: Disabled
 NUMA Support: Disabled
 Compressed Oops: Enabled (32-bit)
 Alignments: Space 512K, Generation 512K, Heap 2M
 Heap Min Capacity: 100M
 Heap Initial Capacity: 100M
 Heap Max Capacity: 1G
 Pre-touch: Disabled
 Parallel Workers: 4
Heap:
 PSYoungGen      total 31744K, used 2857K [0x00000000eab00000, 0x00000000ecd80000, 0x0000000100000000)
  eden space 29184K, 1% used [0x00000000eab00000,0x00000000eab4bfd0,0x00000000ec780000)
  from space 2560K, 99% used [0x00000000ec780000,0x00000000ec9fe710,0x00000000eca00000)
  to   space 3584K, 0% used [0x00000000eca00000,0x00000000eca00000,0x00000000ecd80000)
 ParOldGen       total 133120K, used 90012K [0x00000000c0000000, 0x00000000c8200000, 0x00000000eab00000)
  object space 133120K, 67% used [0x00000000c0000000,0x00000000c57e70a0,0x00000000c8200000)
 Metaspace       used 50888K, committed 51712K, reserved 1097728K
  class space    used 5258K, committed 5632K, reserved 1048576K
GC Heap History (20 events):
Event: 35.421 GC heap before
{Heap before GC invocations=24 (full 3):
 PSYoungGen      total 18432K, used 18368K [0x00000000eab00000, 0x00000000ebf00000, 0x0000000100000000)
  eden space 17920K, 100% used [0x00000000eab00000,0x00000000ebc80000,0x00000000ebc80000)
  from space 512K, 87% used [0x00000000ebd80000,0x00000000ebdf0000,0x00000000ebe00000)
  to   space 1024K, 0% used [0x00000000ebe00000,0x00000000ebe00000,0x00000000ebf00000)
 ParOldGen       total 95232K, used 92065K [0x00000000c0000000, 0x00000000c5d00000, 0x00000000eab00000)
  object space 95232K, 96% used [0x00000000c0000000,0x00000000c59e8560,0x00000000c5d00000)
 Metaspace       used 46530K, committed 47424K, reserved 1097728K
  class space    used 4913K, committed 5312K, reserved 1048576K
}
Event: 35.567 GC heap after
{Heap after GC invocations=24 (full 3):
 PSYoungGen      total 18432K, used 0K [0x00000000eab00000, 0x00000000ebe80000, 0x0000000100000000)
  eden space 17920K, 0% used [0x00000000eab00000,0x00000000eab00000,0x00000000ebc80000)
  from space 512K, 0% used [0x00000000ebe00000,0x00000000ebe00000,0x00000000ebe80000)
  to   space 1024K, 0% used [0x00000000ebc80000,0x00000000ebc80000,0x00000000ebd80000)
 ParOldGen       total 78336K, used 49408K [0x00000000c0000000, 0x00000000c4c80000, 0x00000000eab00000)
  object space 78336K, 63% used [0x00000000c0000000,0x00000000c3040058,0x00000000c4c80000)
 Metaspace       used 46530K, committed 47424K, reserved 1097728K
  class space    used 4913K, committed 5312K, reserved 1048576K
}
Event: 35.677 GC heap before
{Heap before GC invocations=25 (full 3):
 PSYoungGen      total 18432K, used 17920K [0x00000000eab00000, 0x00000000ebe80000, 0x0000000100000000)
  eden space 17920K, 100% used [0x00000000eab00000,0x00000000ebc80000,0x00000000ebc80000)
  from space 512K, 0% used [0x00000000ebe00000,0x00000000ebe00000,0x00000000ebe80000)
  to   space 1024K, 0% used [0x00000000ebc80000,0x00000000ebc80000,0x00000000ebd80000)
 ParOldGen       total 78336K, used 49408K [0x00000000c0000000, 0x00000000c4c80000, 0x00000000eab00000)
  object space 78336K, 63% used [0x00000000c0000000,0x00000000c3040058,0x00000000c4c80000)
 Metaspace       used 46545K, committed 47424K, reserved 1097728K
  class space    used 4916K, committed 5312K, reserved 1048576K
}
Event: 35.692 GC heap after
{Heap after GC invocations=25 (full 3):
 PSYoungGen      total 18944K, used 1024K [0x00000000eab00000, 0x00000000ed880000, 0x0000000100000000)
  eden space 17920K, 0% used [0x00000000eab00000,0x00000000eab00000,0x00000000ebc80000)
  from space 1024K, 100% used [0x00000000ebc80000,0x00000000ebd80000,0x00000000ebd80000)
  to   space 14336K, 0% used [0x00000000eca80000,0x00000000eca80000,0x00000000ed880000)
 ParOldGen       total 78336K, used 60584K [0x00000000c0000000, 0x00000000c4c80000, 0x00000000eab00000)
  object space 78336K, 77% used [0x00000000c0000000,0x00000000c3b2a058,0x00000000c4c80000)
 Metaspace       used 46545K, committed 47424K, reserved 1097728K
  class space    used 4916K, committed 5312K, reserved 1048576K
}
Event: 35.765 GC heap before
{Heap before GC invocations=26 (full 3):
 PSYoungGen      total 18944K, used 18944K [0x00000000eab00000, 0x00000000ed880000, 0x0000000100000000)
  eden space 17920K, 100% used [0x00000000eab00000,0x00000000ebc80000,0x00000000ebc80000)
  from space 1024K, 100% used [0x00000000ebc80000,0x00000000ebd80000,0x00000000ebd80000)
  to   space 14336K, 0% used [0x00000000eca80000,0x00000000eca80000,0x00000000ed880000)
 ParOldGen       total 78336K, used 60584K [0x00000000c0000000, 0x00000000c4c80000, 0x00000000eab00000)
  object space 78336K, 77% used [0x00000000c0000000,0x00000000c3b2a058,0x00000000c4c80000)
 Metaspace       used 46547K, committed 47424K, reserved 1097728K
  class space    used 4916K, committed 5312K, reserved 1048576K
}
Event: 35.781 GC heap after
{Heap after GC invocations=26 (full 3):
 PSYoungGen      total 30208K, used 12249K [0x00000000eab00000, 0x00000000ed680000, 0x0000000100000000)
  eden space 17920K, 0% used [0x00000000eab00000,0x00000000eab00000,0x00000000ebc80000)
  from space 12288K, 99% used [0x00000000eca80000,0x00000000ed6764d0,0x00000000ed680000)
  to   space 12800K, 0% used [0x00000000ebd80000,0x00000000ebd80000,0x00000000eca00000)
 ParOldGen       total 78336K, used 61624K [0x00000000c0000000, 0x00000000c4c80000, 0x00000000eab00000)
  object space 78336K, 78% used [0x00000000c0000000,0x00000000c3c2e058,0x00000000c4c80000)
 Metaspace       used 46547K, committed 47424K, reserved 1097728K
  class space    used 4916K, committed 5312K, reserved 1048576K
}
Event: 35.893 GC heap before
{Heap before GC invocations=27 (full 3):
 PSYoungGen      total 30208K, used 30169K [0x00000000eab00000, 0x00000000ed680000, 0x0000000100000000)
  eden space 17920K, 100% used [0x00000000eab00000,0x00000000ebc80000,0x00000000ebc80000)
  from space 12288K, 99% used [0x00000000eca80000,0x00000000ed6764d0,0x00000000ed680000)
  to   space 12800K, 0% used [0x00000000ebd80000,0x00000000ebd80000,0x00000000eca00000)
 ParOldGen       total 78336K, used 61624K [0x00000000c0000000, 0x00000000c4c80000, 0x00000000eab00000)
  object space 78336K, 78% used [0x00000000c0000000,0x00000000c3c2e058,0x00000000c4c80000)
 Metaspace       used 46557K, committed 47424K, reserved 1097728K
  class space    used 4916K, committed 5312K, reserved 1048576K
}
Event: 35.916 GC heap after
{Heap after GC invocations=27 (full 3):
 PSYoungGen      total 28160K, used 10048K [0x00000000eab00000, 0x00000000ed280000, 0x0000000100000000)
  eden space 17920K, 0% used [0x00000000eab00000,0x00000000eab00000,0x00000000ebc80000)
  from space 10240K, 98% used [0x00000000ebd80000,0x00000000ec7503a0,0x00000000ec780000)
  to   space 11264K, 0% used [0x00000000ec780000,0x00000000ec780000,0x00000000ed280000)
 ParOldGen       total 78336K, used 73616K [0x00000000c0000000, 0x00000000c4c80000, 0x00000000eab00000)
  object space 78336K, 93% used [0x00000000c0000000,0x00000000c47e4058,0x00000000c4c80000)
 Metaspace       used 46557K, committed 47424K, reserved 1097728K
  class space    used 4916K, committed 5312K, reserved 1048576K
}
Event: 35.916 GC heap before
{Heap before GC invocations=28 (full 4):
 PSYoungGen      total 28160K, used 10048K [0x00000000eab00000, 0x00000000ed280000, 0x0000000100000000)
  eden space 17920K, 0% used [0x00000000eab00000,0x00000000eab00000,0x00000000ebc80000)
  from space 10240K, 98% used [0x00000000ebd80000,0x00000000ec7503a0,0x00000000ec780000)
  to   space 11264K, 0% used [0x00000000ec780000,0x00000000ec780000,0x00000000ed280000)
 ParOldGen       total 78336K, used 73616K [0x00000000c0000000, 0x00000000c4c80000, 0x00000000eab00000)
  object space 78336K, 93% used [0x00000000c0000000,0x00000000c47e4058,0x00000000c4c80000)
 Metaspace       used 46557K, committed 47424K, reserved 1097728K
  class space    used 4916K, committed 5312K, reserved 1048576K
}
Event: 36.087 GC heap after
{Heap after GC invocations=28 (full 4):
 PSYoungGen      total 29184K, used 5401K [0x00000000eab00000, 0x00000000ed580000, 0x0000000100000000)
  eden space 18944K, 0% used [0x00000000eab00000,0x00000000eab00000,0x00000000ebd80000)
  from space 10240K, 52% used [0x00000000ebd80000,0x00000000ec2c64d8,0x00000000ec780000)
  to   space 11264K, 0% used [0x00000000eca80000,0x00000000eca80000,0x00000000ed580000)
 ParOldGen       total 133120K, used 77987K [0x00000000c0000000, 0x00000000c8200000, 0x00000000eab00000)
  object space 133120K, 58% used [0x00000000c0000000,0x00000000c4c28f38,0x00000000c8200000)
 Metaspace       used 46557K, committed 47424K, reserved 1097728K
  class space    used 4916K, committed 5312K, reserved 1048576K
}
Event: 37.302 GC heap before
{Heap before GC invocations=29 (full 4):
 PSYoungGen      total 29184K, used 23974K [0x00000000eab00000, 0x00000000ed580000, 0x0000000100000000)
  eden space 18944K, 98% used [0x00000000eab00000,0x00000000ebd233f0,0x00000000ebd80000)
  from space 10240K, 52% used [0x00000000ebd80000,0x00000000ec2c64d8,0x00000000ec780000)
  to   space 11264K, 0% used [0x00000000eca80000,0x00000000eca80000,0x00000000ed580000)
 ParOldGen       total 133120K, used 77987K [0x00000000c0000000, 0x00000000c8200000, 0x00000000eab00000)
  object space 133120K, 58% used [0x00000000c0000000,0x00000000c4c28f38,0x00000000c8200000)
 Metaspace       used 46606K, committed 47488K, reserved 1097728K
  class space    used 4920K, committed 5312K, reserved 1048576K
}
Event: 37.320 GC heap after
{Heap after GC invocations=29 (full 4):
 PSYoungGen      total 22016K, used 448K [0x00000000eab00000, 0x00000000ecb00000, 0x0000000100000000)
  eden space 21504K, 0% used [0x00000000eab00000,0x00000000eab00000,0x00000000ec000000)
  from space 512K, 87% used [0x00000000eca80000,0x00000000ecaf0000,0x00000000ecb00000)
  to   space 4608K, 0% used [0x00000000ec200000,0x00000000ec200000,0x00000000ec680000)
 ParOldGen       total 133120K, used 83427K [0x00000000c0000000, 0x00000000c8200000, 0x00000000eab00000)
  object space 133120K, 62% used [0x00000000c0000000,0x00000000c5178f38,0x00000000c8200000)
 Metaspace       used 46606K, committed 47488K, reserved 1097728K
  class space    used 4920K, committed 5312K, reserved 1048576K
}
Event: 37.907 GC heap before
{Heap before GC invocations=30 (full 4):
 PSYoungGen      total 22016K, used 21952K [0x00000000eab00000, 0x00000000ecb00000, 0x0000000100000000)
  eden space 21504K, 100% used [0x00000000eab00000,0x00000000ec000000,0x00000000ec000000)
  from space 512K, 87% used [0x00000000eca80000,0x00000000ecaf0000,0x00000000ecb00000)
  to   space 4608K, 0% used [0x00000000ec200000,0x00000000ec200000,0x00000000ec680000)
 ParOldGen       total 133120K, used 83427K [0x00000000c0000000, 0x00000000c8200000, 0x00000000eab00000)
  object space 133120K, 62% used [0x00000000c0000000,0x00000000c5178f38,0x00000000c8200000)
 Metaspace       used 46641K, committed 47488K, reserved 1097728K
  class space    used 4921K, committed 5312K, reserved 1048576K
}
Event: 37.909 GC heap after
{Heap after GC invocations=30 (full 4):
 PSYoungGen      total 28160K, used 639K [0x00000000eab00000, 0x00000000ecb00000, 0x0000000100000000)
  eden space 23552K, 0% used [0x00000000eab00000,0x00000000eab00000,0x00000000ec200000)
  from space 4608K, 13% used [0x00000000ec200000,0x00000000ec29fef0,0x00000000ec680000)
  to   space 1536K, 0% used [0x00000000ec980000,0x00000000ec980000,0x00000000ecb00000)
 ParOldGen       total 133120K, used 83427K [0x00000000c0000000, 0x00000000c8200000, 0x00000000eab00000)
  object space 133120K, 62% used [0x00000000c0000000,0x00000000c5178f38,0x00000000c8200000)
 Metaspace       used 46641K, committed 47488K, reserved 1097728K
  class space    used 4921K, committed 5312K, reserved 1048576K
}
Event: 38.268 GC heap before
{Heap before GC invocations=31 (full 4):
 PSYoungGen      total 28160K, used 24191K [0x00000000eab00000, 0x00000000ecb00000, 0x0000000100000000)
  eden space 23552K, 100% used [0x00000000eab00000,0x00000000ec200000,0x00000000ec200000)
  from space 4608K, 13% used [0x00000000ec200000,0x00000000ec29fef0,0x00000000ec680000)
  to   space 1536K, 0% used [0x00000000ec980000,0x00000000ec980000,0x00000000ecb00000)
 ParOldGen       total 133120K, used 83427K [0x00000000c0000000, 0x00000000c8200000, 0x00000000eab00000)
  object space 133120K, 62% used [0x00000000c0000000,0x00000000c5178f38,0x00000000c8200000)
 Metaspace       used 47144K, committed 48000K, reserved 1097728K
  class space    used 4975K, committed 5376K, reserved 1048576K
}
Event: 38.271 GC heap after
{Heap after GC invocations=31 (full 4):
 PSYoungGen      total 27648K, used 1527K [0x00000000eab00000, 0x00000000ecb00000, 0x0000000100000000)
  eden space 26112K, 0% used [0x00000000eab00000,0x00000000eab00000,0x00000000ec480000)
  from space 1536K, 99% used [0x00000000ec980000,0x00000000ecafdf20,0x00000000ecb00000)
  to   space 2048K, 0% used [0x00000000ec700000,0x00000000ec700000,0x00000000ec900000)
 ParOldGen       total 133120K, used 83712K [0x00000000c0000000, 0x00000000c8200000, 0x00000000eab00000)
  object space 133120K, 62% used [0x00000000c0000000,0x00000000c51c0038,0x00000000c8200000)
 Metaspace       used 47144K, committed 48000K, reserved 1097728K
  class space    used 4975K, committed 5376K, reserved 1048576K
}
Event: 38.622 GC heap before
{Heap before GC invocations=32 (full 4):
 PSYoungGen      total 27648K, used 27635K [0x00000000eab00000, 0x00000000ecb00000, 0x0000000100000000)
  eden space 26112K, 99% used [0x00000000eab00000,0x00000000ec47f040,0x00000000ec480000)
  from space 1536K, 99% used [0x00000000ec980000,0x00000000ecafdf20,0x00000000ecb00000)
  to   space 2048K, 0% used [0x00000000ec700000,0x00000000ec700000,0x00000000ec900000)
 ParOldGen       total 133120K, used 83712K [0x00000000c0000000, 0x00000000c8200000, 0x00000000eab00000)
  object space 133120K, 62% used [0x00000000c0000000,0x00000000c51c0038,0x00000000c8200000)
 Metaspace       used 47886K, committed 48768K, reserved 1097728K
  class space    used 5048K, committed 5440K, reserved 1048576K
}
Event: 38.626 GC heap after
{Heap after GC invocations=32 (full 4):
 PSYoungGen      total 30208K, used 2033K [0x00000000eab00000, 0x00000000ecd80000, 0x0000000100000000)
  eden space 28160K, 0% used [0x00000000eab00000,0x00000000eab00000,0x00000000ec680000)
  from space 2048K, 99% used [0x00000000ec700000,0x00000000ec8fc718,0x00000000ec900000)
  to   space 3584K, 0% used [0x00000000eca00000,0x00000000eca00000,0x00000000ecd80000)
 ParOldGen       total 133120K, used 84700K [0x00000000c0000000, 0x00000000c8200000, 0x00000000eab00000)
  object space 133120K, 63% used [0x00000000c0000000,0x00000000c52b7268,0x00000000c8200000)
 Metaspace       used 47886K, committed 48768K, reserved 1097728K
  class space    used 5048K, committed 5440K, reserved 1048576K
}
Event: 38.927 GC heap before
{Heap before GC invocations=33 (full 4):
 PSYoungGen      total 30208K, used 30193K [0x00000000eab00000, 0x00000000ecd80000, 0x0000000100000000)
  eden space 28160K, 100% used [0x00000000eab00000,0x00000000ec680000,0x00000000ec680000)
  from space 2048K, 99% used [0x00000000ec700000,0x00000000ec8fc718,0x00000000ec900000)
  to   space 3584K, 0% used [0x00000000eca00000,0x00000000eca00000,0x00000000ecd80000)
 ParOldGen       total 133120K, used 84700K [0x00000000c0000000, 0x00000000c8200000, 0x00000000eab00000)
  object space 133120K, 63% used [0x00000000c0000000,0x00000000c52b7268,0x00000000c8200000)
 Metaspace       used 47972K, committed 48832K, reserved 1097728K
  class space    used 5050K, committed 5440K, reserved 1048576K
}
Event: 38.934 GC heap after
{Heap after GC invocations=33 (full 4):
 PSYoungGen      total 32768K, used 1847K [0x00000000eab00000, 0x00000000ecd80000, 0x0000000100000000)
  eden space 29184K, 0% used [0x00000000eab00000,0x00000000eab00000,0x00000000ec780000)
  from space 3584K, 51% used [0x00000000eca00000,0x00000000ecbcde60,0x00000000ecd80000)
  to   space 2560K, 0% used [0x00000000ec780000,0x00000000ec780000,0x00000000eca00000)
 ParOldGen       total 133120K, used 86698K [0x00000000c0000000, 0x00000000c8200000, 0x00000000eab00000)
  object space 133120K, 65% used [0x00000000c0000000,0x00000000c54aa818,0x00000000c8200000)
 Metaspace       used 47972K, committed 48832K, reserved 1097728K
  class space    used 5050K, committed 5440K, reserved 1048576K
}

